<?xml version="1.0" encoding="UTF-8"?>
<testng-results skipped="0" failed="0" total="1" passed="1">
  <reporter-output>
  </reporter-output>
  <suite name="Surefire suite" duration-ms="52" started-at="2022-12-24T16:41:48Z" finished-at="2022-12-24T16:41:49Z">
    <groups>
    </groups>
    <test name="Surefire test" duration-ms="52" started-at="2022-12-24T16:41:48Z" finished-at="2022-12-24T16:41:49Z">
      <class name="com.mycompany.mavenproject1.Mavenproject1NGTest">
        <test-method status="PASS" signature="setUpClass()[pri:0, instance:com.mycompany.mavenproject1.Mavenproject1NGTest@675d3402]" name="setUpClass" is-config="true" duration-ms="5" started-at="2022-12-24T18:41:48Z" finished-at="2022-12-24T18:41:48Z">
          <reporter-output>
          </reporter-output>
        </test-method> <!-- setUpClass -->
        <test-method status="PASS" signature="setUpMethod()[pri:0, instance:com.mycompany.mavenproject1.Mavenproject1NGTest@675d3402]" name="setUpMethod" is-config="true" duration-ms="1" started-at="2022-12-24T18:41:48Z" finished-at="2022-12-24T18:41:48Z">
          <reporter-output>
          </reporter-output>
        </test-method> <!-- setUpMethod -->
        <test-method status="PASS" signature="testIsEven(int, int)[pri:0, instance:com.mycompany.mavenproject1.Mavenproject1NGTest@675d3402]" name="testIsEven" duration-ms="38" started-at="2022-12-24T18:41:48Z" finished-at="2022-12-24T18:41:49Z">
          <params>
            <param index="0">
              <value>
                <![CDATA[10]]>
              </value>
            </param>
            <param index="1">
              <value>
                <![CDATA[11]]>
              </value>
            </param>
          </params>
          <reporter-output>
          </reporter-output>
        </test-method> <!-- testIsEven -->
        <test-method status="PASS" signature="tearDownMethod()[pri:0, instance:com.mycompany.mavenproject1.Mavenproject1NGTest@675d3402]" name="tearDownMethod" is-config="true" duration-ms="0" started-at="2022-12-24T18:41:49Z" finished-at="2022-12-24T18:41:49Z">
          <reporter-output>
          </reporter-output>
        </test-method> <!-- tearDownMethod -->
        <test-method status="PASS" signature="tearDownClass()[pri:0, instance:com.mycompany.mavenproject1.Mavenproject1NGTest@675d3402]" name="tearDownClass" is-config="true" duration-ms="0" started-at="2022-12-24T18:41:49Z" finished-at="2022-12-24T18:41:49Z">
          <reporter-output>
          </reporter-output>
        </test-method> <!-- tearDownClass -->
      </class> <!-- com.mycompany.mavenproject1.Mavenproject1NGTest -->
    </test> <!-- Surefire test -->
  </suite> <!-- Surefire suite -->
</testng-results>
