<?xml version="1.0" encoding="UTF-8"?>
<!-- Generated by org.testng.reporters.JUnitXMLReporter -->
<testsuite hostname="DESKTOP-M1P0KIH" failures="1" tests="15" name="AdminTabFunctionality" time="70.647" errors="0" timestamp="29 Dec 2022 12:57:37 GMT">
  <testcase classname="com.mycompany.mavenproject1.TestMavinIT_Organized" name="testLogin" time="8.946">
    <failure type="java.lang.AssertionError" message="expected [Paul Collings] but found [Ahmed Abdalkader]">
      <![CDATA[java.lang.AssertionError: expected [Paul Collings] but found [Ahmed Abdalkader]
	at com.mycompany.mavenproject1.TestMavinIT_Organized.testLogin(TestMavinIT_Organized.java:59)
... Removed 31 stack frames]]>
    </failure>
  </testcase> <!-- testLogin -->
  <testcase classname="com.mycompany.mavenproject1.TestMavinIT_Organized" name="testSideBarClose" time="2.374"/>
  <testcase classname="com.mycompany.mavenproject1.TestMavinIT_Organized" name="testSideBarOpen" time="2.177"/>
  <testcase classname="com.mycompany.mavenproject1.TestMavinIT_Organized" name="testTabAdmin" time="3.33"/>
  <testcase classname="com.mycompany.mavenproject1.TestMavinIT_Organized" name="testTabPim" time="3.19"/>
  <testcase classname="com.mycompany.mavenproject1.TestMavinIT_Organized" name="testTabLeave" time="3.101"/>
  <testcase classname="com.mycompany.mavenproject1.TestMavinIT_Organized" name="testTabTime" time="3.23"/>
  <testcase classname="com.mycompany.mavenproject1.TestMavinIT_Organized" name="testTabRecru" time="3.532"/>
  <testcase classname="com.mycompany.mavenproject1.TestMavinIT_Organized" name="testTabMyInfo" time="4.47"/>
  <testcase classname="com.mycompany.mavenproject1.TestMavinIT_Organized" name="testTabPerformance" time="4.979"/>
  <testcase classname="com.mycompany.mavenproject1.TestMavinIT_Organized" name="testTabDash" time="2.929"/>
  <testcase classname="com.mycompany.mavenproject1.TestMavinIT_Organized" name="testTabDire" time="3.26"/>
  <testcase classname="com.mycompany.mavenproject1.TestMavinIT_Organized" name="testTabMainten" time="3.195"/>
  <testcase classname="com.mycompany.mavenproject1.TestMavinIT_Organized" name="testTabBuzz" time="2.858"/>
  <testcase classname="com.mycompany.mavenproject1.TestMavinIT_Organized" name="testLogout" time="5.136"/>
</testsuite> <!-- AdminTabFunctionality -->
