<?xml version="1.0" encoding="UTF-8"?>
<!-- Generated by org.testng.reporters.JUnitXMLReporter -->
<testsuite hostname="DESKTOP-M1P0KIH" failures="1" tests="2" name="DashboardTabFunctionality" time="42.829" errors="0" timestamp="29 Dec 2022 12:58:20 GMT">
  <testcase classname="com.mycompany.mavenproject1.TestMavinIT_Organized" name="testLogin" time="8.691">
    <failure type="java.lang.AssertionError" message="expected [Paul Collings] but found [Ahmed Abdalkader]">
      <![CDATA[java.lang.AssertionError: expected [Paul Collings] but found [Ahmed Abdalkader]
	at com.mycompany.mavenproject1.TestMavinIT_Organized.testLogin(TestMavinIT_Organized.java:59)
... Removed 31 stack frames]]>
    </failure>
  </testcase> <!-- testLogin -->
  <testcase classname="com.mycompany.mavenproject1.TestMavinIT_Organized" name="testTabDashFunc" time="26.646"/>
</testsuite> <!-- DashboardTabFunctionality -->
