<?xml version="1.0" encoding="UTF-8"?>
<testng-results skipped="0" failed="0" total="2" passed="2">
  <reporter-output>
  </reporter-output>
  <suite name="Surefire suite" duration-ms="16560" started-at="2022-12-24T16:41:49Z" finished-at="2022-12-24T16:42:05Z">
    <groups>
    </groups>
    <test name="Surefire test" duration-ms="16560" started-at="2022-12-24T16:41:49Z" finished-at="2022-12-24T16:42:05Z">
      <class name="com.mycompany.mavenproject1.TestMavinIT_Organized">
        <test-method status="PASS" signature="testLogin()[pri:0, instance:testLogin(com.mycompany.mavenproject1.TestMavinIT_Organized)]" name="testLogin" duration-ms="10675" started-at="2022-12-24T18:41:49Z" finished-at="2022-12-24T18:41:59Z">
          <reporter-output>
          </reporter-output>
        </test-method> <!-- testLogin -->
        <test-method status="PASS" signature="testTabAdmin()[pri:0, instance:testTabAdmin(com.mycompany.mavenproject1.TestMavinIT_Organized)]" name="testTabAdmin" duration-ms="5862" started-at="2022-12-24T18:41:59Z" finished-at="2022-12-24T18:42:05Z">
          <reporter-output>
          </reporter-output>
        </test-method> <!-- testTabAdmin -->
      </class> <!-- com.mycompany.mavenproject1.TestMavinIT_Organized -->
    </test> <!-- Surefire test -->
  </suite> <!-- Surefire suite -->
</testng-results>
