<?xml version="1.0" encoding="UTF-8"?>
<!-- Generated by org.testng.reporters.JUnitXMLReporter -->
<testsuite hostname="LAPTOP-SPU04J46" name="Surefire test" tests="2" failures="0" timestamp="24 Dec 2022 16:42:05 GMT" time="16.56" errors="0">
  <testcase name="testLogin on testLogin(com.mycompany.mavenproject1.TestMavinIT_Organized)" time="10.675" classname="com.mycompany.mavenproject1.TestMavinIT_Organized"/>
  <testcase name="testTabAdmin on testTabAdmin(com.mycompany.mavenproject1.TestMavinIT_Organized)" time="5.862" classname="com.mycompany.mavenproject1.TestMavinIT_Organized"/>
</testsuite> <!-- Surefire test -->
