<?xml version="1.0" encoding="UTF-8"?>
<testng-results total="17" passed="15" failed="2" skipped="0">
  <reporter-output>
  </reporter-output>
  <suite started-at="2022-12-29T12:56:27Z" name="com.mycompany_TestMavin_jar_1.0-SNAPSHOT" finished-at="2022-12-29T12:58:20Z" duration-ms="113539">
    <groups>
    </groups>
    <test started-at="2022-12-29T12:56:27Z" name="AdminTabFunctionality" finished-at="2022-12-29T12:57:37Z" duration-ms="70647">
      <class name="com.mycompany.mavenproject1.TestMavinIT_Organized">
        <test-method is-config="true" signature="setUpClass()[pri:0, instance:com.mycompany.mavenproject1.TestMavinIT_Organized@3427b02d]" started-at="2022-12-29T14:56:27Z" name="setUpClass" finished-at="2022-12-29T14:56:37Z" duration-ms="10137" status="PASS">
          <reporter-output>
          </reporter-output>
        </test-method> <!-- setUpClass -->
        <test-method signature="testLogin(java.lang.String, java.lang.String, java.lang.String, java.lang.String, java.lang.String)[pri:0, instance:com.mycompany.mavenproject1.TestMavinIT_Organized@3427b02d]" started-at="2022-12-29T14:56:37Z" name="testLogin" data-provider="testLogin" finished-at="2022-12-29T14:56:46Z" duration-ms="8946" status="FAIL">
          <params>
            <param index="0">
              <value>
                <![CDATA[Admin]]>
              </value>
            </param>
            <param index="1">
              <value>
                <![CDATA[admin123]]>
              </value>
            </param>
            <param index="2">
              <value>
                <![CDATA[orangehrm-login-button]]>
              </value>
            </param>
            <param index="3">
              <value>
                <![CDATA[oxd-userdropdown-name]]>
              </value>
            </param>
            <param index="4">
              <value>
                <![CDATA[Paul Collings]]>
              </value>
            </param>
          </params>
          <exception class="java.lang.AssertionError">
            <message>
              <![CDATA[expected [Paul Collings] but found [Ahmed Abdalkader]]]>
            </message>
            <full-stacktrace>
              <![CDATA[java.lang.AssertionError: expected [Paul Collings] but found [Ahmed Abdalkader]
	at org.testng.Assert.fail(Assert.java:94)
	at org.testng.Assert.failNotEquals(Assert.java:494)
	at org.testng.Assert.assertEquals(Assert.java:123)
	at org.testng.Assert.assertEquals(Assert.java:176)
	at org.testng.Assert.assertEquals(Assert.java:186)
	at com.mycompany.mavenproject1.TestMavinIT_Organized.testLogin(TestMavinIT_Organized.java:59)
	at java.base/jdk.internal.reflect.DirectMethodHandleAccessor.invoke(DirectMethodHandleAccessor.java:104)
	at java.base/java.lang.reflect.Method.invoke(Method.java:577)
	at org.testng.internal.MethodInvocationHelper.invokeMethod(MethodInvocationHelper.java:84)
	at org.testng.internal.Invoker.invokeMethod(Invoker.java:714)
	at org.testng.internal.Invoker.invokeTestMethod(Invoker.java:901)
	at org.testng.internal.Invoker.invokeTestMethods(Invoker.java:1231)
	at org.testng.internal.TestMethodWorker.invokeTestMethods(TestMethodWorker.java:127)
	at org.testng.internal.TestMethodWorker.run(TestMethodWorker.java:111)
	at org.testng.TestRunner.privateRun(TestRunner.java:767)
	at org.testng.TestRunner.run(TestRunner.java:617)
	at org.testng.SuiteRunner.runTest(SuiteRunner.java:334)
	at org.testng.SuiteRunner.runSequentially(SuiteRunner.java:329)
	at org.testng.SuiteRunner.privateRun(SuiteRunner.java:291)
	at org.testng.SuiteRunner.run(SuiteRunner.java:240)
	at org.testng.SuiteRunnerWorker.runSuite(SuiteRunnerWorker.java:52)
	at org.testng.SuiteRunnerWorker.run(SuiteRunnerWorker.java:86)
	at org.testng.TestNG.runSuitesSequentially(TestNG.java:1224)
	at org.testng.TestNG.runSuitesLocally(TestNG.java:1149)
	at org.testng.TestNG.run(TestNG.java:1057)
	at org.apache.maven.surefire.testng.TestNGExecutor.run(TestNGExecutor.java:324)
	at org.apache.maven.surefire.testng.TestNGXmlTestSuite.execute(TestNGXmlTestSuite.java:74)
	at org.apache.maven.surefire.testng.TestNGProvider.invoke(TestNGProvider.java:123)
	at org.apache.maven.surefire.booter.ForkedBooter.runSuitesInProcess(ForkedBooter.java:456)
	at org.apache.maven.surefire.booter.ForkedBooter.execute(ForkedBooter.java:169)
	at org.apache.maven.surefire.booter.ForkedBooter.run(ForkedBooter.java:595)
	at org.apache.maven.surefire.booter.ForkedBooter.main(ForkedBooter.java:581)
]]>
            </full-stacktrace>
          </exception> <!-- java.lang.AssertionError -->
          <reporter-output>
          </reporter-output>
        </test-method> <!-- testLogin -->
        <test-method signature="testSideBarClose(java.lang.String, java.lang.String, java.lang.String)[pri:0, instance:com.mycompany.mavenproject1.TestMavinIT_Organized@3427b02d]" started-at="2022-12-29T14:56:46Z" name="testSideBarClose" data-provider="testSideBarClose" finished-at="2022-12-29T14:56:48Z" duration-ms="2374" status="PASS">
          <params>
            <param index="0">
              <value>
                <![CDATA[oxd-main-menu-button]]>
              </value>
            </param>
            <param index="1">
              <value>
                <![CDATA[bi-chevron-right]]>
              </value>
            </param>
            <param index="2">
              <value>
                <![CDATA[oxd-icon bi-chevron-right]]>
              </value>
            </param>
          </params>
          <reporter-output>
          </reporter-output>
        </test-method> <!-- testSideBarClose -->
        <test-method signature="testSideBarOpen(java.lang.String, java.lang.String, java.lang.String)[pri:0, instance:com.mycompany.mavenproject1.TestMavinIT_Organized@3427b02d]" started-at="2022-12-29T14:56:48Z" name="testSideBarOpen" data-provider="testSideBarOpen" finished-at="2022-12-29T14:56:50Z" duration-ms="2177" status="PASS">
          <params>
            <param index="0">
              <value>
                <![CDATA[oxd-main-menu-button]]>
              </value>
            </param>
            <param index="1">
              <value>
                <![CDATA[bi-chevron-left]]>
              </value>
            </param>
            <param index="2">
              <value>
                <![CDATA[oxd-icon bi-chevron-left]]>
              </value>
            </param>
          </params>
          <reporter-output>
          </reporter-output>
        </test-method> <!-- testSideBarOpen -->
        <test-method signature="testTabAdmin(java.lang.String, java.lang.String, java.lang.String)[pri:0, instance:com.mycompany.mavenproject1.TestMavinIT_Organized@3427b02d]" started-at="2022-12-29T14:56:50Z" name="testTabAdmin" data-provider="testTabAdmin" finished-at="2022-12-29T14:56:54Z" duration-ms="3330" status="PASS">
          <params>
            <param index="0">
              <value>
                <![CDATA[.oxd-main-menu-item[href='/web/index.php/admin/viewAdminModule']]]>
              </value>
            </param>
            <param index="1">
              <value>
                <![CDATA[oxd-topbar-header-breadcrumb-level]]>
              </value>
            </param>
            <param index="2">
              <value>
                <![CDATA[User Management]]>
              </value>
            </param>
          </params>
          <reporter-output>
          </reporter-output>
        </test-method> <!-- testTabAdmin -->
        <test-method signature="testTabPim(java.lang.String, java.lang.String, java.lang.String)[pri:0, instance:com.mycompany.mavenproject1.TestMavinIT_Organized@3427b02d]" started-at="2022-12-29T14:56:54Z" name="testTabPim" data-provider="testTabPim" finished-at="2022-12-29T14:56:57Z" duration-ms="3190" status="PASS">
          <params>
            <param index="0">
              <value>
                <![CDATA[.oxd-main-menu-item[href='/web/index.php/pim/viewPimModule']]]>
              </value>
            </param>
            <param index="1">
              <value>
                <![CDATA[oxd-topbar-header-breadcrumb-module]]>
              </value>
            </param>
            <param index="2">
              <value>
                <![CDATA[PIM]]>
              </value>
            </param>
          </params>
          <reporter-output>
          </reporter-output>
        </test-method> <!-- testTabPim -->
        <test-method signature="testTabLeave(java.lang.String, java.lang.String, java.lang.String)[pri:0, instance:com.mycompany.mavenproject1.TestMavinIT_Organized@3427b02d]" started-at="2022-12-29T14:56:57Z" name="testTabLeave" data-provider="testTabLeave" finished-at="2022-12-29T14:57:00Z" duration-ms="3101" status="PASS">
          <params>
            <param index="0">
              <value>
                <![CDATA[.oxd-main-menu-item[href='/web/index.php/leave/viewLeaveModule']]]>
              </value>
            </param>
            <param index="1">
              <value>
                <![CDATA[oxd-topbar-header-breadcrumb-module]]>
              </value>
            </param>
            <param index="2">
              <value>
                <![CDATA[Leave]]>
              </value>
            </param>
          </params>
          <reporter-output>
          </reporter-output>
        </test-method> <!-- testTabLeave -->
        <test-method signature="testTabTime(java.lang.String, java.lang.String, java.lang.String)[pri:0, instance:com.mycompany.mavenproject1.TestMavinIT_Organized@3427b02d]" started-at="2022-12-29T14:57:00Z" name="testTabTime" data-provider="testTabTime" finished-at="2022-12-29T14:57:03Z" duration-ms="3230" status="PASS">
          <params>
            <param index="0">
              <value>
                <![CDATA[.oxd-main-menu-item[href='/web/index.php/time/viewTimeModule']]]>
              </value>
            </param>
            <param index="1">
              <value>
                <![CDATA[oxd-topbar-header-breadcrumb-level]]>
              </value>
            </param>
            <param index="2">
              <value>
                <![CDATA[Timesheets]]>
              </value>
            </param>
          </params>
          <reporter-output>
          </reporter-output>
        </test-method> <!-- testTabTime -->
        <test-method signature="testTabRecru(java.lang.String, java.lang.String, java.lang.String)[pri:0, instance:com.mycompany.mavenproject1.TestMavinIT_Organized@3427b02d]" started-at="2022-12-29T14:57:03Z" name="testTabRecru" data-provider="testTabRecru" finished-at="2022-12-29T14:57:07Z" duration-ms="3532" status="PASS">
          <params>
            <param index="0">
              <value>
                <![CDATA[.oxd-main-menu-item[href='/web/index.php/recruitment/viewRecruitmentModule']]]>
              </value>
            </param>
            <param index="1">
              <value>
                <![CDATA[oxd-topbar-header-breadcrumb-module]]>
              </value>
            </param>
            <param index="2">
              <value>
                <![CDATA[Recruitment]]>
              </value>
            </param>
          </params>
          <reporter-output>
          </reporter-output>
        </test-method> <!-- testTabRecru -->
        <test-method signature="testTabMyInfo(java.lang.String, java.lang.String, java.lang.String)[pri:0, instance:com.mycompany.mavenproject1.TestMavinIT_Organized@3427b02d]" started-at="2022-12-29T14:57:07Z" name="testTabMyInfo" data-provider="testTabMyInfo" finished-at="2022-12-29T14:57:11Z" duration-ms="4470" status="PASS">
          <params>
            <param index="0">
              <value>
                <![CDATA[.oxd-main-menu-item[href='/web/index.php/pim/viewMyDetails']]]>
              </value>
            </param>
            <param index="1">
              <value>
                <![CDATA[orangehrm-main-title]]>
              </value>
            </param>
            <param index="2">
              <value>
                <![CDATA[Personal Details]]>
              </value>
            </param>
          </params>
          <reporter-output>
          </reporter-output>
        </test-method> <!-- testTabMyInfo -->
        <test-method signature="testTabPerformance(java.lang.String, java.lang.String, java.lang.String)[pri:0, instance:com.mycompany.mavenproject1.TestMavinIT_Organized@3427b02d]" started-at="2022-12-29T14:57:11Z" name="testTabPerformance" data-provider="testTabPerformance" finished-at="2022-12-29T14:57:16Z" duration-ms="4979" status="PASS">
          <params>
            <param index="0">
              <value>
                <![CDATA[.oxd-main-menu-item[href='/web/index.php/performance/viewPerformanceModule']]]>
              </value>
            </param>
            <param index="1">
              <value>
                <![CDATA[oxd-topbar-header-breadcrumb-level]]>
              </value>
            </param>
            <param index="2">
              <value>
                <![CDATA[Manage Reviews]]>
              </value>
            </param>
          </params>
          <reporter-output>
          </reporter-output>
        </test-method> <!-- testTabPerformance -->
        <test-method signature="testTabDash(java.lang.String, java.lang.String, java.lang.String)[pri:0, instance:com.mycompany.mavenproject1.TestMavinIT_Organized@3427b02d]" started-at="2022-12-29T14:57:16Z" name="testTabDash" data-provider="testTabDash" finished-at="2022-12-29T14:57:19Z" duration-ms="2929" status="PASS">
          <params>
            <param index="0">
              <value>
                <![CDATA[.oxd-main-menu-item[href='/web/index.php/dashboard/index']]]>
              </value>
            </param>
            <param index="1">
              <value>
                <![CDATA[oxd-topbar-header-breadcrumb-module]]>
              </value>
            </param>
            <param index="2">
              <value>
                <![CDATA[Dashboard]]>
              </value>
            </param>
          </params>
          <reporter-output>
          </reporter-output>
        </test-method> <!-- testTabDash -->
        <test-method signature="testTabDire(java.lang.String, java.lang.String, java.lang.String)[pri:0, instance:com.mycompany.mavenproject1.TestMavinIT_Organized@3427b02d]" started-at="2022-12-29T14:57:19Z" name="testTabDire" data-provider="testTabDire" finished-at="2022-12-29T14:57:22Z" duration-ms="3260" status="PASS">
          <params>
            <param index="0">
              <value>
                <![CDATA[.oxd-main-menu-item[href='/web/index.php/directory/viewDirectory']]]>
              </value>
            </param>
            <param index="1">
              <value>
                <![CDATA[oxd-topbar-header-breadcrumb-module]]>
              </value>
            </param>
            <param index="2">
              <value>
                <![CDATA[Directory]]>
              </value>
            </param>
          </params>
          <reporter-output>
          </reporter-output>
        </test-method> <!-- testTabDire -->
        <test-method signature="testTabMainten(java.lang.String, java.lang.String, java.lang.String)[pri:0, instance:com.mycompany.mavenproject1.TestMavinIT_Organized@3427b02d]" started-at="2022-12-29T14:57:22Z" name="testTabMainten" data-provider="testTabMainten" finished-at="2022-12-29T14:57:26Z" duration-ms="3195" status="PASS">
          <params>
            <param index="0">
              <value>
                <![CDATA[.oxd-main-menu-item[href='/web/index.php/maintenance/viewMaintenanceModule']]]>
              </value>
            </param>
            <param index="1">
              <value>
                <![CDATA[orangehrm-admin-access-title]]>
              </value>
            </param>
            <param index="2">
              <value>
                <![CDATA[Administrator Access]]>
              </value>
            </param>
          </params>
          <reporter-output>
          </reporter-output>
        </test-method> <!-- testTabMainten -->
        <test-method signature="testTabBuzz(java.lang.String, java.lang.String, java.lang.String)[pri:0, instance:com.mycompany.mavenproject1.TestMavinIT_Organized@3427b02d]" started-at="2022-12-29T14:57:26Z" name="testTabBuzz" data-provider="testTabBuzz" finished-at="2022-12-29T14:57:28Z" duration-ms="2858" status="PASS">
          <params>
            <param index="0">
              <value>
                <![CDATA[.oxd-main-menu-item[href='/web/index.php/buzz/viewBuzz']]]>
              </value>
            </param>
            <param index="1">
              <value>
                <![CDATA[oxd-topbar-header-breadcrumb-module]]>
              </value>
            </param>
            <param index="2">
              <value>
                <![CDATA[Buzz]]>
              </value>
            </param>
          </params>
          <reporter-output>
          </reporter-output>
        </test-method> <!-- testTabBuzz -->
        <test-method signature="testLogout(java.lang.String, java.lang.String, java.lang.String, java.lang.String)[pri:0, instance:com.mycompany.mavenproject1.TestMavinIT_Organized@3427b02d]" started-at="2022-12-29T14:57:28Z" name="testLogout" data-provider="testLogout" finished-at="2022-12-29T14:57:34Z" duration-ms="5136" status="PASS">
          <params>
            <param index="0">
              <value>
                <![CDATA[oxd-userdropdown]]>
              </value>
            </param>
            <param index="1">
              <value>
                <![CDATA[//a[@href='/web/index.php/auth/logout']]]>
              </value>
            </param>
            <param index="2">
              <value>
                <![CDATA[orangehrm-login-title]]>
              </value>
            </param>
            <param index="3">
              <value>
                <![CDATA[Login]]>
              </value>
            </param>
          </params>
          <reporter-output>
          </reporter-output>
        </test-method> <!-- testLogout -->
        <test-method is-config="true" signature="tearDownClass()[pri:0, instance:com.mycompany.mavenproject1.TestMavinIT_Organized@3427b02d]" started-at="2022-12-29T14:57:34Z" name="tearDownClass" finished-at="2022-12-29T14:57:37Z" duration-ms="3716" status="PASS">
          <reporter-output>
          </reporter-output>
        </test-method> <!-- tearDownClass -->
      </class> <!-- com.mycompany.mavenproject1.TestMavinIT_Organized -->
    </test> <!-- AdminTabFunctionality -->
    <test started-at="2022-12-29T12:57:37Z" name="DashboardTabFunctionality" finished-at="2022-12-29T12:58:20Z" duration-ms="42829">
      <class name="com.mycompany.mavenproject1.TestMavinIT_Organized">
        <test-method is-config="true" signature="setUpClass()[pri:0, instance:com.mycompany.mavenproject1.TestMavinIT_Organized@6c80d78a]" started-at="2022-12-29T14:57:37Z" name="setUpClass" finished-at="2022-12-29T14:57:42Z" duration-ms="4190" status="PASS">
          <reporter-output>
          </reporter-output>
        </test-method> <!-- setUpClass -->
        <test-method signature="testLogin(java.lang.String, java.lang.String, java.lang.String, java.lang.String, java.lang.String)[pri:0, instance:com.mycompany.mavenproject1.TestMavinIT_Organized@6c80d78a]" started-at="2022-12-29T14:57:42Z" name="testLogin" data-provider="testLogin" finished-at="2022-12-29T14:57:50Z" duration-ms="8691" status="FAIL">
          <params>
            <param index="0">
              <value>
                <![CDATA[Admin]]>
              </value>
            </param>
            <param index="1">
              <value>
                <![CDATA[admin123]]>
              </value>
            </param>
            <param index="2">
              <value>
                <![CDATA[orangehrm-login-button]]>
              </value>
            </param>
            <param index="3">
              <value>
                <![CDATA[oxd-userdropdown-name]]>
              </value>
            </param>
            <param index="4">
              <value>
                <![CDATA[Paul Collings]]>
              </value>
            </param>
          </params>
          <exception class="java.lang.AssertionError">
            <message>
              <![CDATA[expected [Paul Collings] but found [Ahmed Abdalkader]]]>
            </message>
            <full-stacktrace>
              <![CDATA[java.lang.AssertionError: expected [Paul Collings] but found [Ahmed Abdalkader]
	at org.testng.Assert.fail(Assert.java:94)
	at org.testng.Assert.failNotEquals(Assert.java:494)
	at org.testng.Assert.assertEquals(Assert.java:123)
	at org.testng.Assert.assertEquals(Assert.java:176)
	at org.testng.Assert.assertEquals(Assert.java:186)
	at com.mycompany.mavenproject1.TestMavinIT_Organized.testLogin(TestMavinIT_Organized.java:59)
	at java.base/jdk.internal.reflect.DirectMethodHandleAccessor.invoke(DirectMethodHandleAccessor.java:104)
	at java.base/java.lang.reflect.Method.invoke(Method.java:577)
	at org.testng.internal.MethodInvocationHelper.invokeMethod(MethodInvocationHelper.java:84)
	at org.testng.internal.Invoker.invokeMethod(Invoker.java:714)
	at org.testng.internal.Invoker.invokeTestMethod(Invoker.java:901)
	at org.testng.internal.Invoker.invokeTestMethods(Invoker.java:1231)
	at org.testng.internal.TestMethodWorker.invokeTestMethods(TestMethodWorker.java:127)
	at org.testng.internal.TestMethodWorker.run(TestMethodWorker.java:111)
	at org.testng.TestRunner.privateRun(TestRunner.java:767)
	at org.testng.TestRunner.run(TestRunner.java:617)
	at org.testng.SuiteRunner.runTest(SuiteRunner.java:334)
	at org.testng.SuiteRunner.runSequentially(SuiteRunner.java:329)
	at org.testng.SuiteRunner.privateRun(SuiteRunner.java:291)
	at org.testng.SuiteRunner.run(SuiteRunner.java:240)
	at org.testng.SuiteRunnerWorker.runSuite(SuiteRunnerWorker.java:52)
	at org.testng.SuiteRunnerWorker.run(SuiteRunnerWorker.java:86)
	at org.testng.TestNG.runSuitesSequentially(TestNG.java:1224)
	at org.testng.TestNG.runSuitesLocally(TestNG.java:1149)
	at org.testng.TestNG.run(TestNG.java:1057)
	at org.apache.maven.surefire.testng.TestNGExecutor.run(TestNGExecutor.java:324)
	at org.apache.maven.surefire.testng.TestNGXmlTestSuite.execute(TestNGXmlTestSuite.java:74)
	at org.apache.maven.surefire.testng.TestNGProvider.invoke(TestNGProvider.java:123)
	at org.apache.maven.surefire.booter.ForkedBooter.runSuitesInProcess(ForkedBooter.java:456)
	at org.apache.maven.surefire.booter.ForkedBooter.execute(ForkedBooter.java:169)
	at org.apache.maven.surefire.booter.ForkedBooter.run(ForkedBooter.java:595)
	at org.apache.maven.surefire.booter.ForkedBooter.main(ForkedBooter.java:581)
]]>
            </full-stacktrace>
          </exception> <!-- java.lang.AssertionError -->
          <reporter-output>
          </reporter-output>
        </test-method> <!-- testLogin -->
        <test-method signature="testTabDashFunc(java.lang.String, java.lang.String, java.lang.String, java.lang.String, java.lang.String, java.lang.String, java.lang.String, java.lang.String, java.lang.String, java.lang.String, java.lang.String, java.lang.String, java.lang.String, java.lang.String, java.lang.String, java.lang.String, java.lang.String)[pri:0, instance:com.mycompany.mavenproject1.TestMavinIT_Organized@6c80d78a]" started-at="2022-12-29T14:57:50Z" name="testTabDashFunc" data-provider="testTabDashFunc" finished-at="2022-12-29T14:58:17Z" duration-ms="26646" status="PASS">
          <params>
            <param index="0">
              <value>
                <![CDATA[.oxd-main-menu-item[href='/web/index.php/dashboard/index']]]>
              </value>
            </param>
            <param index="1">
              <value>
                <![CDATA[orangehrm-attendance-card-action]]>
              </value>
            </param>
            <param index="2">
              <value>
                <![CDATA[//input[@placeholder='yyyy-mm-dd']]]>
              </value>
            </param>
            <param index="3">
              <value>
                <![CDATA[2022-12-30]]>
              </value>
            </param>
            <param index="4">
              <value>
                <![CDATA[//input[@placeholder='hh:mm']]]>
              </value>
            </param>
            <param index="5">
              <value>
                <![CDATA[02:30 PM]]>
              </value>
            </param>
            <param index="6">
              <value>
                <![CDATA[oxd-textarea]]>
              </value>
            </param>
            <param index="7">
              <value>
                <![CDATA[Test Comment]]>
              </value>
            </param>
            <param index="8">
              <value>
                <![CDATA[oxd-topbar-header-breadcrumb-module]]>
              </value>
            </param>
            <param index="9">
              <value>
                <![CDATA[Attendance]]>
              </value>
            </param>
            <param index="10">
              <value>
                <![CDATA[orangehrm-leave-card-icon]]>
              </value>
            </param>
            <param index="11">
              <value>
                <![CDATA[oxd-text--card-body]]>
              </value>
            </param>
            <param index="12">
              <value>
                <![CDATA[Employees on Leave Today]]>
              </value>
            </param>
            <param index="13">
              <value>
                <![CDATA[orangehrm-left-space]]>
              </value>
            </param>
            <param index="14">
              <value>
                <![CDATA[//button[@title='My Timesheet']]]>
              </value>
            </param>
            <param index="15">
              <value>
                <![CDATA[oxd-topbar-header-breadcrumb-level]]>
              </value>
            </param>
            <param index="16">
              <value>
                <![CDATA[Timesheets]]>
              </value>
            </param>
          </params>
          <reporter-output>
          </reporter-output>
        </test-method> <!-- testTabDashFunc -->
        <test-method is-config="true" signature="tearDownClass()[pri:0, instance:com.mycompany.mavenproject1.TestMavinIT_Organized@6c80d78a]" started-at="2022-12-29T14:58:17Z" name="tearDownClass" finished-at="2022-12-29T14:58:20Z" duration-ms="3298" status="PASS">
          <reporter-output>
          </reporter-output>
        </test-method> <!-- tearDownClass -->
      </class> <!-- com.mycompany.mavenproject1.TestMavinIT_Organized -->
    </test> <!-- DashboardTabFunctionality -->
  </suite> <!-- com.mycompany_TestMavin_jar_1.0-SNAPSHOT -->
</testng-results>
