<?xml version="1.0" encoding="UTF-8"?>
<testsuite xmlns:xsi="http://www.w3.org/2001/XMLSchema-instance" xsi:noNamespaceSchemaLocation="https://maven.apache.org/surefire/maven-surefire-plugin/xsd/surefire-test-report-3.0.xsd" version="3.0" name="TestSuite" time="116.631" tests="17" errors="0" skipped="0" failures="2">
  <properties>
[...]
</properties>
  <testcase name="testLogin[Admin, admin123, orangehrm-login-button, oxd-userdropdown-name, Paul Collings](1)" classname="com.mycompany.mavenproject1.TestMavinIT_Organized" time="8.976">
    <failure message="expected [Paul Collings] but found [Ahmed Abdalkader]" type="java.lang.AssertionError"><![CDATA[java.lang.AssertionError: expected [Paul Collings] but found [Ahmed Abdalkader]
	at org.testng.Assert.fail(Assert.java:94)
	at org.testng.Assert.failNotEquals(Assert.java:494)
	at org.testng.Assert.assertEquals(Assert.java:123)
	at org.testng.Assert.assertEquals(Assert.java:176)
	at org.testng.Assert.assertEquals(Assert.java:186)
	at com.mycompany.mavenproject1.TestMavinIT_Organized.testLogin(TestMavinIT_Organized.java:59)
	at java.base/jdk.internal.reflect.DirectMethodHandleAccessor.invoke(DirectMethodHandleAccessor.java:104)
	at java.base/java.lang.reflect.Method.invoke(Method.java:577)
	at org.testng.internal.MethodInvocationHelper.invokeMethod(MethodInvocationHelper.java:84)
	at org.testng.internal.Invoker.invokeMethod(Invoker.java:714)
	at org.testng.internal.Invoker.invokeTestMethod(Invoker.java:901)
	at org.testng.internal.Invoker.invokeTestMethods(Invoker.java:1231)
	at org.testng.internal.TestMethodWorker.invokeTestMethods(TestMethodWorker.java:127)
	at org.testng.internal.TestMethodWorker.run(TestMethodWorker.java:111)
	at org.testng.TestRunner.privateRun(TestRunner.java:767)
	at org.testng.TestRunner.run(TestRunner.java:617)
	at org.testng.SuiteRunner.runTest(SuiteRunner.java:334)
	at org.testng.SuiteRunner.runSequentially(SuiteRunner.java:329)
	at org.testng.SuiteRunner.privateRun(SuiteRunner.java:291)
	at org.testng.SuiteRunner.run(SuiteRunner.java:240)
	at org.testng.SuiteRunnerWorker.runSuite(SuiteRunnerWorker.java:52)
	at org.testng.SuiteRunnerWorker.run(SuiteRunnerWorker.java:86)
	at org.testng.TestNG.runSuitesSequentially(TestNG.java:1224)
	at org.testng.TestNG.runSuitesLocally(TestNG.java:1149)
	at org.testng.TestNG.run(TestNG.java:1057)
	at org.apache.maven.surefire.testng.TestNGExecutor.run(TestNGExecutor.java:324)
	at org.apache.maven.surefire.testng.TestNGXmlTestSuite.execute(TestNGXmlTestSuite.java:74)
	at org.apache.maven.surefire.testng.TestNGProvider.invoke(TestNGProvider.java:123)
	at org.apache.maven.surefire.booter.ForkedBooter.runSuitesInProcess(ForkedBooter.java:456)
	at org.apache.maven.surefire.booter.ForkedBooter.execute(ForkedBooter.java:169)
	at org.apache.maven.surefire.booter.ForkedBooter.run(ForkedBooter.java:595)
	at org.apache.maven.surefire.booter.ForkedBooter.main(ForkedBooter.java:581)
]]></failure>
    <system-err><![CDATA[SLF4J: Failed to load class "org.slf4j.impl.StaticLoggerBinder".
SLF4J: Defaulting to no-operation (NOP) logger implementation
SLF4J: See http://www.slf4j.org/codes.html#StaticLoggerBinder for further details.
Starting ChromeDriver 108.0.5359.71 (1e0e3868ee06e91ad636a874420e3ca3ae3756ac-refs/branch-heads/5359@{#1016}) on port 57573
Only local connections are allowed.
Please see https://chromedriver.chromium.org/security-considerations for suggestions on keeping ChromeDriver safe.
ChromeDriver was started successfully.
]]></system-err>
  </testcase>
  <testcase name="testLogin[Admin, admin123, orangehrm-login-button, oxd-userdropdown-name, Paul Collings](1)" classname="com.mycompany.mavenproject1.TestMavinIT_Organized" time="8.709">
    <failure message="expected [Paul Collings] but found [Ahmed Abdalkader]" type="java.lang.AssertionError"><![CDATA[java.lang.AssertionError: expected [Paul Collings] but found [Ahmed Abdalkader]
	at org.testng.Assert.fail(Assert.java:94)
	at org.testng.Assert.failNotEquals(Assert.java:494)
	at org.testng.Assert.assertEquals(Assert.java:123)
	at org.testng.Assert.assertEquals(Assert.java:176)
	at org.testng.Assert.assertEquals(Assert.java:186)
	at com.mycompany.mavenproject1.TestMavinIT_Organized.testLogin(TestMavinIT_Organized.java:59)
	at java.base/jdk.internal.reflect.DirectMethodHandleAccessor.invoke(DirectMethodHandleAccessor.java:104)
	at java.base/java.lang.reflect.Method.invoke(Method.java:577)
	at org.testng.internal.MethodInvocationHelper.invokeMethod(MethodInvocationHelper.java:84)
	at org.testng.internal.Invoker.invokeMethod(Invoker.java:714)
	at org.testng.internal.Invoker.invokeTestMethod(Invoker.java:901)
	at org.testng.internal.Invoker.invokeTestMethods(Invoker.java:1231)
	at org.testng.internal.TestMethodWorker.invokeTestMethods(TestMethodWorker.java:127)
	at org.testng.internal.TestMethodWorker.run(TestMethodWorker.java:111)
	at org.testng.TestRunner.privateRun(TestRunner.java:767)
	at org.testng.TestRunner.run(TestRunner.java:617)
	at org.testng.SuiteRunner.runTest(SuiteRunner.java:334)
	at org.testng.SuiteRunner.runSequentially(SuiteRunner.java:329)
	at org.testng.SuiteRunner.privateRun(SuiteRunner.java:291)
	at org.testng.SuiteRunner.run(SuiteRunner.java:240)
	at org.testng.SuiteRunnerWorker.runSuite(SuiteRunnerWorker.java:52)
	at org.testng.SuiteRunnerWorker.run(SuiteRunnerWorker.java:86)
	at org.testng.TestNG.runSuitesSequentially(TestNG.java:1224)
	at org.testng.TestNG.runSuitesLocally(TestNG.java:1149)
	at org.testng.TestNG.run(TestNG.java:1057)
	at org.apache.maven.surefire.testng.TestNGExecutor.run(TestNGExecutor.java:324)
	at org.apache.maven.surefire.testng.TestNGXmlTestSuite.execute(TestNGXmlTestSuite.java:74)
	at org.apache.maven.surefire.testng.TestNGProvider.invoke(TestNGProvider.java:123)
	at org.apache.maven.surefire.booter.ForkedBooter.runSuitesInProcess(ForkedBooter.java:456)
	at org.apache.maven.surefire.booter.ForkedBooter.execute(ForkedBooter.java:169)
	at org.apache.maven.surefire.booter.ForkedBooter.run(ForkedBooter.java:595)
	at org.apache.maven.surefire.booter.ForkedBooter.main(ForkedBooter.java:581)
]]></failure>
    <system-err><![CDATA[Starting ChromeDriver 108.0.5359.71 (1e0e3868ee06e91ad636a874420e3ca3ae3756ac-refs/branch-heads/5359@{#1016}) on port 23254
Only local connections are allowed.
Please see https://chromedriver.chromium.org/security-considerations for suggestions on keeping ChromeDriver safe.
ChromeDriver was started successfully.
]]></system-err>
  </testcase>
  <testcase name="testSideBarClose[oxd-main-menu-button, bi-chevron-right, oxd-icon bi-chevron-right](1)" classname="com.mycompany.mavenproject1.TestMavinIT_Organized" time="2.346"/>
  <testcase name="testSideBarOpen[oxd-main-menu-button, bi-chevron-left, oxd-icon bi-chevron-left](1)" classname="com.mycompany.mavenproject1.TestMavinIT_Organized" time="2.183"/>
  <testcase name="testTabAdmin[.oxd-main-menu-item[href=&apos;/web/index.php/admin/viewAdminModule&apos;], oxd-topbar-header-breadcrumb-level, User Management](1)" classname="com.mycompany.mavenproject1.TestMavinIT_Organized" time="3.327"/>
  <testcase name="testTabPim[.oxd-main-menu-item[href=&apos;/web/index.php/pim/viewPimModule&apos;], oxd-topbar-header-breadcrumb-module, PIM](1)" classname="com.mycompany.mavenproject1.TestMavinIT_Organized" time="3.19"/>
  <testcase name="testTabLeave[.oxd-main-menu-item[href=&apos;/web/index.php/leave/viewLeaveModule&apos;], oxd-topbar-header-breadcrumb-module, Leave](1)" classname="com.mycompany.mavenproject1.TestMavinIT_Organized" time="3.109"/>
  <testcase name="testTabTime[.oxd-main-menu-item[href=&apos;/web/index.php/time/viewTimeModule&apos;], oxd-topbar-header-breadcrumb-level, Timesheets](1)" classname="com.mycompany.mavenproject1.TestMavinIT_Organized" time="3.224"/>
  <testcase name="testTabRecru[.oxd-main-menu-item[href=&apos;/web/index.php/recruitment/viewRecruitmentModule&apos;], oxd-topbar-header-breadcrumb-module, Recruitment](1)" classname="com.mycompany.mavenproject1.TestMavinIT_Organized" time="3.533"/>
  <testcase name="testTabMyInfo[.oxd-main-menu-item[href=&apos;/web/index.php/pim/viewMyDetails&apos;], orangehrm-main-title, Personal Details](1)" classname="com.mycompany.mavenproject1.TestMavinIT_Organized" time="4.471"/>
  <testcase name="testTabPerformance[.oxd-main-menu-item[href=&apos;/web/index.php/performance/viewPerformanceModule&apos;], oxd-topbar-header-breadcrumb-level, Manage Reviews](1)" classname="com.mycompany.mavenproject1.TestMavinIT_Organized" time="4.979"/>
  <testcase name="testTabDash[.oxd-main-menu-item[href=&apos;/web/index.php/dashboard/index&apos;], oxd-topbar-header-breadcrumb-module, Dashboard](1)" classname="com.mycompany.mavenproject1.TestMavinIT_Organized" time="2.927"/>
  <testcase name="testTabDire[.oxd-main-menu-item[href=&apos;/web/index.php/directory/viewDirectory&apos;], oxd-topbar-header-breadcrumb-module, Directory](1)" classname="com.mycompany.mavenproject1.TestMavinIT_Organized" time="3.26"/>
  <testcase name="testTabMainten[.oxd-main-menu-item[href=&apos;/web/index.php/maintenance/viewMaintenanceModule&apos;], orangehrm-admin-access-title, Administrator Access](1)" classname="com.mycompany.mavenproject1.TestMavinIT_Organized" time="3.213"/>
  <testcase name="testTabBuzz[.oxd-main-menu-item[href=&apos;/web/index.php/buzz/viewBuzz&apos;], oxd-topbar-header-breadcrumb-module, Buzz](1)" classname="com.mycompany.mavenproject1.TestMavinIT_Organized" time="2.84"/>
  <testcase name="testLogout[oxd-userdropdown, //a[@href=&apos;/web/index.php/auth/logout&apos;], orangehrm-login-title, Login](1)" classname="com.mycompany.mavenproject1.TestMavinIT_Organized" time="5.136"/>
  <testcase name="testTabDashFunc[.oxd-main-menu-item[href=&apos;/web/index.php/dashboard/index&apos;], orangehrm-attendance-card-action, //input[@placeholder=&apos;yyyy-mm-dd&apos;], 2022-12-30, //input[@placeholder=&apos;hh:mm&apos;], 02:30 PM, oxd-textarea, Test Comment, oxd-topbar-header-breadcrumb-module, Attendance, orangehrm-leave-card-icon, oxd-text--card-body, Employees on Leave Today, orangehrm-left-space, //button[@title=&apos;My Timesheet&apos;], oxd-topbar-header-breadcrumb-level, Timesheets](1)" classname="com.mycompany.mavenproject1.TestMavinIT_Organized" time="26.631"/>
</testsuite>